#
# A fatal error has been detected by the Java Runtime Environment:
#
#  SIGSEGV (0xb) at pc=0x00007fe3516d30ad, pid=14140, tid=14155
#
# JRE version: OpenJDK Runtime Environment (11.0.14.1+1) (build 11.0.14.1+1-Ubuntu-0ubuntu1.20.04)
# Java VM: OpenJDK 64-Bit Server VM (11.0.14.1+1-Ubuntu-0ubuntu1.20.04, mixed mode, sharing, tiered, compressed oops, g1 gc, linux-amd64)
# Problematic frame:
# C  [libjimage.so+0x30ad]
#
# Core dump will be written. Default location: Core dumps may be processed with "/usr/share/apport/apport %p %s %c %d %P %E" (or dumping to /home/alphagone/Documents/Polytech/2021-2022/AR/HTTP_Server/ricm.web.GIVEN/core.14140)
#
# If you would like to submit a bug report, please visit:
#   https://bugs.launchpad.net/ubuntu/+source/openjdk-lts
#

---------------  S U M M A R Y ------------

Command Line: -agentlib:jdwp=transport=dt_socket,suspend=y,address=localhost:42455 -javaagent:/home/alphagone/.eclipse/360744286_linux_gtk_x86_64/configuration/org.eclipse.osgi/222/0/.cp/lib/javaagent-shaded.jar -Dfile.encoding=UTF-8 httpserver.itf.impl.HttpServer 8080 .

Host: Intel(R) Core(TM) i7-10750H CPU @ 2.60GHz, 4 cores, 1G, Ubuntu 20.04.1 LTS
Time: Wed Mar 30 21:03:18 2022 CEST elapsed time: 84.143915 seconds (0d 0h 1m 24s)

---------------  T H R E A D  ---------------

Current thread (0x00007fe34810c000):  JavaThread "Signal Dispatcher" daemon [_thread_in_vm, id=14155, stack(0x00007fe31b08d000,0x00007fe31b18e000)]

Stack: [0x00007fe31b08d000,0x00007fe31b18e000],  sp=0x00007fe31b18b1f0,  free space=1016k
Native frames: (J=compiled Java code, A=aot compiled Java code, j=interpreted, Vv=VM code, C=native code)
C  [libjimage.so+0x30ad]
C  [libjimage.so+0x3ca2]
C  [libjimage.so+0x4191]  JIMAGE_FindResource+0xf1
V  [libjvm.so+0x5bac51]
V  [libjvm.so+0x5bd271]
V  [libjvm.so+0xdf49fd]
V  [libjvm.so+0xdf359a]
V  [libjvm.so+0xdf5b3b]
V  [libjvm.so+0x66d1ce]
V  [libjvm.so+0x860f56]
j  jdk.internal.misc.Signal.dispatch(I)V+25 java.base@11.0.14.1
